#
# A fatal error has been detected by the Java Runtime Environment:
#
#  SIGSEGV (0xb) at pc=0x00000001105ae027, pid=1703, tid=0x0000000000013b0f
#
# JRE version: Java(TM) SE Runtime Environment (8.0_191-b12) (build 1.8.0_191-b12)
# Java VM: Java HotSpot(TM) 64-Bit Server VM (25.191-b12 mixed mode bsd-amd64 compressed oops)
# Problematic frame:
# C  [libawt_lwawt.dylib+0x1c027]  OGLSD_SetScratchSurface+0x49
#
# Failed to write core dump. Core dumps have been disabled. To enable core dumping, try "ulimit -c unlimited" before starting Java again
#
# If you would like to submit a bug report, please visit:
#   http://bugreport.java.com/bugreport/crash.jsp
# The crash happened outside the Java Virtual Machine in native code.
# See problematic frame for where to report the bug.
#

---------------  T H R E A D  ---------------

Current thread (0x00007fec440e6000):  JavaThread "Java2D Queue Flusher" daemon [_thread_in_native, id=80655, stack(0x0000700004bc8000,0x0000700004cc8000)]

siginfo: si_signo: 11 (SIGSEGV), si_code: 1 (SEGV_MAPERR), si_addr: 0x0000000000000004

Registers:
RAX=0x00000000ffffffff, RBX=0x0000000000000004, RCX=0x0000000000000047, RDX=0x00000001105cfb14
RSP=0x0000700004cc7780, RBP=0x0000700004cc77a0, RSI=0x00007fec45c9b6f0, RDI=0x00007fec440e61f8
R8 =0x00000000000058cf, R9 =0xffffffff00000000, R10=0x0000000113d393f8, R11=0x00000000e820f909
R12=0x0000000000000000, R13=0x00000001145a07ec, R14=0x00007fec440e61f8, R15=0x00007fec440e6000
RIP=0x00000001105ae027, EFLAGS=0x0000000000010202, ERR=0x0000000000000004
  TRAPNO=0x000000000000000e

Top of Stack: (sp=0x0000700004cc7780)
0x0000700004cc7780:   00007fec45c9b6f0 0000000000000000
0x0000700004cc7790:   00007fec440dc010 00007fec440e6000
0x0000700004cc77a0:   0000700004cc7820 00000001105cf5f2
0x0000700004cc77b0:   00007fec440e6000 00007fec42739148
0x0000700004cc77c0:   0000700004cc77f0 0000000108f3bdb4
0x0000700004cc77d0:   0000000000000064 0000000000000000
0x0000700004cc77e0:   0000000000000064 00007fec440dc020
0x0000700004cc77f0:   0000700000cc7850 00007fec440e61f8
0x0000700004cc7800:   000000074107c830 0000000000000000
0x0000700004cc7810:   0000700004cc78a8 00007fec440e6000
0x0000700004cc7820:   0000700004cc7870 0000000113d3946a
0x0000700004cc7830:   000000074107c830 0000000000000118
0x0000700004cc7840:   0000700004cc78a8 00007fec440e6000
0x0000700004cc7850:   0000700004cc78a0 0000000113681fe8
0x0000700004cc7860:   0000000740f44988 0000700004cc78a8
0x0000700004cc7870:   000000074107c830 0000000113b0e250
0x0000700004cc7880:   00000001630c8db0 0000000000000000
0x0000700004cc7890:   0000700004cc78b0 0000700004cc79f0
0x0000700004cc78a0:   0000700004cc79f0 00000001145a06e4
0x0000700004cc78b0:   0000000000000041 000000010ee9f568
0x0000700004cc78c0:   0000000000000000 0000000100000000
0x0000700004cc78d0:   00000000000000dc 0000000000000000
0x0000700004cc78e0:   0000700004cc7980 00007fec440e6000
0x0000700004cc78f0:   0000700004cc7958 0000000113205cad
0x0000700004cc7900:   0000000113205c6b 0000000100000001
0x0000700004cc7910:   0000000740f44988 0000000740f44988
0x0000700004cc7920:   0000000100000000 0000700004cc7980
0x0000700004cc7930:   000000010ee9fb98 000000017044def0
0x0000700004cc7940:   0000000000000001 0000000740f44988
0x0000700004cc7950:   0000700004cc7980 0000700004cc79f0
0x0000700004cc7960:   00000001131e47a7 0000000000000000
0x0000700004cc7970:   0000700004cc79f0 00000001131e47a7 

Instructions: (pc=0x00000001105ae027)
0x00000001105ae007:   c0 e9 82 00 00 00 48 8b 5e 10 48 85 db 75 0e bf
0x00000001105ae017:   01 00 00 00 48 8d 15 a8 96 03 00 eb d6 49 89 fe
0x00000001105ae027:   4c 8b 3b 30 c0 e8 ff bc 02 00 49 8b 3f 49 89 c4
0x00000001105ae037:   48 8b 35 02 29 06 00 30 c0 e8 0b be 02 00 48 85 

Register to memory mapping:

RAX=0x00000000ffffffff is an unknown value
RBX=0x0000000000000004 is an unknown value
RCX=0x0000000000000047 is an unknown value
RDX=0x00000001105cfb14: Java_sun_java2d_opengl_OGLRenderQueue_flushBuffer+0xb5c in /Library/Java/JavaVirtualMachines/jdk1.8.0_191.jdk/Contents/Home/jre/lib/libawt_lwawt.dylib at 0x0000000110592000
RSP=0x0000700004cc7780 is pointing into the stack for thread: 0x00007fec440e6000
RBP=0x0000700004cc77a0 is pointing into the stack for thread: 0x00007fec440e6000
RSI=0x00007fec45c9b6f0 is an unknown value
RDI=0x00007fec440e61f8 is an unknown value
R8 =0x00000000000058cf is an unknown value
R9 =0xffffffff00000000 is an unknown value
R10=0x0000000113d393f8 is at entry_point+56 in (nmethod*)0x0000000113d39250
R11=0x00000000e820f909 is an unknown value
R12=0x0000000000000000 is an unknown value
R13=0x00000001145a07ec is at entry_point+2764 in (nmethod*)0x000000011459f990
R14=0x00007fec440e61f8 is an unknown value
R15=0x00007fec440e6000 is a thread


Stack: [0x0000700004bc8000,0x0000700004cc8000],  sp=0x0000700004cc7780,  free space=1021k
Native frames: (J=compiled Java code, j=interpreted, Vv=VM code, C=native code)
C  [libawt_lwawt.dylib+0x1c027]  OGLSD_SetScratchSurface+0x49
C  [libawt_lwawt.dylib+0x3d5f2]  Java_sun_java2d_opengl_OGLRenderQueue_flushBuffer+0x63a
J 3469  sun.java2d.opengl.OGLRenderQueue.flushBuffer(JI)V (0 bytes) @ 0x0000000113d3946a [0x0000000113d393c0+0xaa]
J 6687 C2 sun.java2d.opengl.OGLRenderQueue.flushBuffer()V (41 bytes) @ 0x0000000113b0e250 [0x0000000113b0e200+0x50]
J 6686% C1 sun.java2d.opengl.OGLRenderQueue$QueueFlusher.run()V (234 bytes) @ 0x00000001145a06e4 [0x000000011459fd20+0x9c4]
v  ~StubRoutines::call_stub
V  [libjvm.dylib+0x2ef9fe]
V  [libjvm.dylib+0x2f01a2]
V  [libjvm.dylib+0x2f034e]
V  [libjvm.dylib+0x34ac3d]
V  [libjvm.dylib+0x56f83f]
V  [libjvm.dylib+0x570f3a]
V  [libjvm.dylib+0x48e0be]
C  [libsystem_pthread.dylib+0x32eb]  _pthread_body+0x7e
C  [libsystem_pthread.dylib+0x6249]  _pthread_start+0x42
C  [libsystem_pthread.dylib+0x240d]  thread_start+0xd
C  0x0000000000000000

Java frames: (J=compiled Java code, j=interpreted, Vv=VM code)
J 3469  sun.java2d.opengl.OGLRenderQueue.flushBuffer(JI)V (0 bytes) @ 0x0000000113d393f8 [0x0000000113d393c0+0x38]
J 6687 C2 sun.java2d.opengl.OGLRenderQueue.flushBuffer()V (41 bytes) @ 0x0000000113b0e250 [0x0000000113b0e200+0x50]
J 6686% C1 sun.java2d.opengl.OGLRenderQueue$QueueFlusher.run()V (234 bytes) @ 0x00000001145a06e4 [0x000000011459fd20+0x9c4]
v  ~StubRoutines::call_stub

---------------  P R O C E S S  ---------------

Java Threads: ( => current thread )
  0x00007fec4690d000 JavaThread "TimerQueue" daemon [_thread_blocked, id=74851, stack(0x0000700004fd4000,0x00007000050d4000)]
  0x00007fec43cf6000 JavaThread "DestroyJavaVM" [_thread_blocked, id=6403, stack(0x0000700003a8f000,0x0000700003b8f000)]
  0x00007fec436f9000 JavaThread "AWT-EventQueue-0" [_thread_blocked, id=39987, stack(0x0000700004ed1000,0x0000700004fd1000)]
  0x00007fec4342c000 JavaThread "AWT-Shutdown" [_thread_blocked, id=75399, stack(0x00007000048b9000,0x00007000049b9000)]
  0x00007fec42aba000 JavaThread "Java2D Disposer" daemon [_thread_blocked, id=50963, stack(0x0000700004ccb000,0x0000700004dcb000)]
=>0x00007fec440e6000 JavaThread "Java2D Queue Flusher" daemon [_thread_in_native, id=80655, stack(0x0000700004bc8000,0x0000700004cc8000)]
  0x00007fec429de800 JavaThread "AppKit Thread" daemon [_thread_in_native, id=775, stack(0x00007ffee724a000,0x00007ffee7a4a000)]
  0x00007fec43838000 JavaThread "Service Thread" daemon [_thread_blocked, id=13315, stack(0x00007000046b3000,0x00007000047b3000)]
  0x00007fec4285b000 JavaThread "C1 CompilerThread2" daemon [_thread_blocked, id=13059, stack(0x00007000045b0000,0x00007000046b0000)]
  0x00007fec4285a800 JavaThread "C2 CompilerThread1" daemon [_thread_blocked, id=17155, stack(0x00007000044ad000,0x00007000045ad000)]
  0x00007fec43827800 JavaThread "C2 CompilerThread0" daemon [_thread_blocked, id=17667, stack(0x00007000043aa000,0x00007000044aa000)]
  0x00007fec42802000 JavaThread "Signal Dispatcher" daemon [_thread_blocked, id=17923, stack(0x00007000042a7000,0x00007000043a7000)]
  0x00007fec4280c000 JavaThread "Finalizer" daemon [_thread_blocked, id=11779, stack(0x00007000041a4000,0x00007000042a4000)]
  0x00007fec44021000 JavaThread "Reference Handler" daemon [_thread_blocked, id=20483, stack(0x00007000040a1000,0x00007000041a1000)]

Other Threads:
  0x00007fec4401e000 VMThread [stack: 0x0000700003f9e000,0x000070000409e000] [id=20995]
  0x00007fec44028800 WatcherThread [stack: 0x00007000047b6000,0x00007000048b6000] [id=16387]

VM state:not at safepoint (normal execution)

VM Mutex/Monitor currently owned by a thread: None

Heap:
 PSYoungGen      total 73216K, used 39093K [0x0000000795580000, 0x000000079bb00000, 0x00000007c0000000)
  eden space 50688K, 33% used [0x0000000795580000,0x00000007965e8ce8,0x0000000798700000)
  from space 22528K, 98% used [0x000000079a000000,0x000000079b5c4b08,0x000000079b600000)
  to   space 25600K, 0% used [0x0000000798700000,0x0000000798700000,0x000000079a000000)
 ParOldGen       total 146432K, used 48067K [0x0000000740000000, 0x0000000748f00000, 0x0000000795580000)
  object space 146432K, 32% used [0x0000000740000000,0x0000000742ef0e58,0x0000000748f00000)
 Metaspace       used 25652K, capacity 26098K, committed 26368K, reserved 1073152K
  class space    used 3186K, capacity 3291K, committed 3328K, reserved 1048576K

Card table byte_map: [0x0000000109dfb000,0x000000010a1fc000] byte_map_base: 0x00000001063fb000

Marking Bits: (ParMarkBitMap*) 0x00000001092f9e00
 Begin Bits: [0x000000010a4a7000, 0x000000010c4a7000)
 End Bits:   [0x000000010c4a7000, 0x000000010e4a7000)

Polling page: 0x00000001081f9000

CodeCache: size=245760Kb used=20945Kb max_used=20954Kb free=224814Kb
 bounds [0x00000001131e4000, 0x0000000114684000, 0x00000001221e4000]
 total_blobs=6300 nmethods=5641 adapters=568
 compilation: enabled

Compilation events (10 events):
Event: 21394.749 Thread 0x00007fec4285a800 6864   !   4       javax.swing.TimerQueue::addTimer (67 bytes)
Event: 21394.761 Thread 0x00007fec4285a800 nmethod 6864 0x0000000114678bd0 code [0x0000000114678de0, 0x0000000114679780]
Event: 21395.070 Thread 0x00007fec43827800 6865   !   4       javax.swing.Timer::restart (42 bytes)
Event: 21395.076 Thread 0x00007fec43827800 nmethod 6865 0x0000000113db7010 code [0x0000000113db7200, 0x0000000113db7900]
Event: 21395.904 Thread 0x00007fec4285a800 6866       4       java.io.File::getName (42 bytes)
Event: 21395.911 Thread 0x00007fec4285a800 nmethod 6866 0x000000011391c9d0 code [0x000000011391cb60, 0x000000011391d0c8]
Event: 21395.999 Thread 0x00007fec4285b000 6867       3       java.net.URI$Parser::charAt (9 bytes)
Event: 21395.999 Thread 0x00007fec4285b000 nmethod 6867 0x000000011388aed0 code [0x000000011388b060, 0x000000011388b408]
Event: 21395.999 Thread 0x00007fec4285b000 6868       3       java.net.URI::match (56 bytes)
Event: 21395.999 Thread 0x00007fec4285b000 nmethod 6868 0x0000000114672850 code [0x00000001146729c0, 0x0000000114672cd0]

GC Heap History (10 events):
Event: 4468.526 GC heap before
{Heap before GC invocations=18 (full 2):
 PSYoungGen      total 75776K, used 60819K [0x0000000795580000, 0x000000079b280000, 0x00000007c0000000)
  eden space 59392K, 79% used [0x0000000795580000,0x000000079835cc20,0x0000000798f80000)
  from space 16384K, 84% used [0x0000000799080000,0x0000000799e080f8,0x000000079a080000)
  to   space 17920K, 0% used [0x000000079a100000,0x000000079a100000,0x000000079b280000)
 ParOldGen       total 146432K, used 32030K [0x0000000740000000, 0x0000000748f00000, 0x0000000795580000)
  object space 146432K, 21% used [0x0000000740000000,0x0000000741f47a38,0x0000000748f00000)
 Metaspace       used 25471K, capacity 25964K, committed 26112K, reserved 1073152K
  class space    used 3180K, capacity 3290K, committed 3328K, reserved 1048576K
Event: 4468.538 GC heap after
Heap after GC invocations=18 (full 2):
 PSYoungGen      total 74752K, used 16843K [0x0000000795580000, 0x000000079b680000, 0x00000007c0000000)
  eden space 56832K, 0% used [0x0000000795580000,0x0000000795580000,0x0000000798d00000)
  from space 17920K, 93% used [0x000000079a100000,0x000000079b172e28,0x000000079b280000)
  to   space 20480K, 0% used [0x0000000798d00000,0x0000000798d00000,0x000000079a100000)
 ParOldGen       total 146432K, used 32038K [0x0000000740000000, 0x0000000748f00000, 0x0000000795580000)
  object space 146432K, 21% used [0x0000000740000000,0x0000000741f49a38,0x0000000748f00000)
 Metaspace       used 25471K, capacity 25964K, committed 26112K, reserved 1073152K
  class space    used 3180K, capacity 3290K, committed 3328K, reserved 1048576K
}
Event: 4476.421 GC heap before
{Heap before GC invocations=19 (full 2):
 PSYoungGen      total 74752K, used 72645K [0x0000000795580000, 0x000000079b680000, 0x00000007c0000000)
  eden space 56832K, 98% used [0x0000000795580000,0x0000000798bfe8b0,0x0000000798d00000)
  from space 17920K, 93% used [0x000000079a100000,0x000000079b172e28,0x000000079b280000)
  to   space 20480K, 0% used [0x0000000798d00000,0x0000000798d00000,0x000000079a100000)
 ParOldGen       total 146432K, used 32038K [0x0000000740000000, 0x0000000748f00000, 0x0000000795580000)
  object space 146432K, 21% used [0x0000000740000000,0x0000000741f49a38,0x0000000748f00000)
 Metaspace       used 25496K, capacity 25964K, committed 26112K, reserved 1073152K
  class space    used 3180K, capacity 3290K, committed 3328K, reserved 1048576K
Event: 4476.430 GC heap after
Heap after GC invocations=19 (full 2):
 PSYoungGen      total 70144K, used 14144K [0x0000000795580000, 0x000000079b500000, 0x00000007c0000000)
  eden space 55808K, 0% used [0x0000000795580000,0x0000000795580000,0x0000000798c00000)
  from space 14336K, 98% used [0x0000000798d00000,0x0000000799ad00f8,0x0000000799b00000)
  to   space 20992K, 0% used [0x000000079a080000,0x000000079a080000,0x000000079b500000)
 ParOldGen       total 146432K, used 32046K [0x0000000740000000, 0x0000000748f00000, 0x0000000795580000)
  object space 146432K, 21% used [0x0000000740000000,0x0000000741f4ba38,0x0000000748f00000)
 Metaspace       used 25496K, capacity 25964K, committed 26112K, reserved 1073152K
  class space    used 3180K, capacity 3290K, committed 3328K, reserved 1048576K
}
Event: 4487.482 GC heap before
{Heap before GC invocations=20 (full 2):
 PSYoungGen      total 70144K, used 68790K [0x0000000795580000, 0x000000079b500000, 0x00000007c0000000)
  eden space 55808K, 97% used [0x0000000795580000,0x0000000798add7e0,0x0000000798c00000)
  from space 14336K, 98% used [0x0000000798d00000,0x0000000799ad00f8,0x0000000799b00000)
  to   space 20992K, 0% used [0x000000079a080000,0x000000079a080000,0x000000079b500000)
 ParOldGen       total 146432K, used 32046K [0x0000000740000000, 0x0000000748f00000, 0x0000000795580000)
  object space 146432K, 21% used [0x0000000740000000,0x0000000741f4ba38,0x0000000748f00000)
 Metaspace       used 25524K, capacity 25964K, committed 26112K, reserved 1073152K
  class space    used 3180K, capacity 3290K, committed 3328K, reserved 1048576K
Event: 4487.491 GC heap after
Heap after GC invocations=20 (full 2):
 PSYoungGen      total 75776K, used 14240K [0x0000000795580000, 0x000000079b600000, 0x00000007c0000000)
  eden space 54784K, 0% used [0x0000000795580000,0x0000000795580000,0x0000000798b00000)
  from space 20992K, 67% used [0x000000079a080000,0x000000079ae680f8,0x000000079b500000)
  to   space 22016K, 0% used [0x0000000798b00000,0x0000000798b00000,0x000000079a080000)
 ParOldGen       total 146432K, used 32054K [0x0000000740000000, 0x0000000748f00000, 0x0000000795580000)
  object space 146432K, 21% used [0x0000000740000000,0x0000000741f4da38,0x0000000748f00000)
 Metaspace       used 25524K, capacity 25964K, committed 26112K, reserved 1073152K
  class space    used 3180K, capacity 3290K, committed 3328K, reserved 1048576K
}
Event: 4498.353 GC heap before
{Heap before GC invocations=21 (full 2):
 PSYoungGen      total 75776K, used 69024K [0x0000000795580000, 0x000000079b600000, 0x00000007c0000000)
  eden space 54784K, 100% used [0x0000000795580000,0x0000000798b00000,0x0000000798b00000)
  from space 20992K, 67% used [0x000000079a080000,0x000000079ae680f8,0x000000079b500000)
  to   space 22016K, 0% used [0x0000000798b00000,0x0000000798b00000,0x000000079a080000)
 ParOldGen       total 146432K, used 32054K [0x0000000740000000, 0x0000000748f00000, 0x0000000795580000)
  object space 146432K, 21% used [0x0000000740000000,0x0000000741f4da38,0x0000000748f00000)
 Metaspace       used 25540K, capacity 26028K, committed 26368K, reserved 1073152K
  class space    used 3180K, capacity 3290K, committed 3328K, reserved 1048576K
Event: 4498.366 GC heap after
Heap after GC invocations=21 (full 2):
 PSYoungGen      total 68608K, used 14336K [0x0000000795580000, 0x000000079b600000, 0x00000007c0000000)
  eden space 53760K, 0% used [0x0000000795580000,0x0000000795580000,0x0000000798a00000)
  from space 14848K, 96% used [0x0000000798b00000,0x00000007999000f8,0x0000000799980000)
  to   space 22528K, 0% used [0x000000079a000000,0x000000079a000000,0x000000079b600000)
 ParOldGen       total 146432K, used 32062K [0x0000000740000000, 0x0000000748f00000, 0x0000000795580000)
  object space 146432K, 21% used [0x0000000740000000,0x0000000741f4fa38,0x0000000748f00000)
 Metaspace       used 25540K, capacity 26028K, committed 26368K, reserved 1073152K
  class space    used 3180K, capacity 3290K, committed 3328K, reserved 1048576K
}
Event: 21396.016 GC heap before
{Heap before GC invocations=22 (full 2):
 PSYoungGen      total 68608K, used 62708K [0x0000000795580000, 0x000000079b600000, 0x00000007c0000000)
  eden space 53760K, 89% used [0x0000000795580000,0x00000007984bd260,0x0000000798a00000)
  from space 14848K, 96% used [0x0000000798b00000,0x00000007999000f8,0x0000000799980000)
  to   space 22528K, 0% used [0x000000079a000000,0x000000079a000000,0x000000079b600000)
 ParOldGen       total 146432K, used 32062K [0x0000000740000000, 0x0000000748f00000, 0x0000000795580000)
  object space 146432K, 21% used [0x0000000740000000,0x0000000741f4fa38,0x0000000748f00000)
 Metaspace       used 25652K, capacity 26098K, committed 26368K, reserved 1073152K
  class space    used 3186K, capacity 3291K, committed 3328K, reserved 1048576K
Event: 21396.090 GC heap after
Heap after GC invocations=22 (full 2):
 PSYoungGen      total 73216K, used 22290K [0x0000000795580000, 0x000000079bb00000, 0x00000007c0000000)
  eden space 50688K, 0% used [0x0000000795580000,0x0000000795580000,0x0000000798700000)
  from space 22528K, 98% used [0x000000079a000000,0x000000079b5c4b08,0x000000079b600000)
  to   space 25600K, 0% used [0x0000000798700000,0x0000000798700000,0x000000079a000000)
 ParOldGen       total 146432K, used 48067K [0x0000000740000000, 0x0000000748f00000, 0x0000000795580000)
  object space 146432K, 32% used [0x0000000740000000,0x0000000742ef0e58,0x0000000748f00000)
 Metaspace       used 25652K, capacity 26098K, committed 26368K, reserved 1073152K
  class space    used 3186K, capacity 3291K, committed 3328K, reserved 1048576K
}

Deoptimization events (10 events):
Event: 19351.480 Thread 0x00007fec436f9000 Uncommon trap: reason=unstable_if action=reinterpret pc=0x0000000113d43a00 method=java.awt.Font.equals(Ljava/lang/Object;)Z @ 35
Event: 19351.490 Thread 0x00007fec436f9000 Uncommon trap: reason=unstable_if action=reinterpret pc=0x00000001135423d8 method=javax.swing.text.html.StyleSheet$BoxPainter.isLeftToRight(Ljavax/swing/text/View;)Z @ 6
Event: 19351.490 Thread 0x00007fec436f9000 Uncommon trap: reason=unstable_if action=reinterpret pc=0x0000000113f39154 method=sun.font.FontDesignMetrics.getMetrics(Ljava/awt/Font;Ljava/awt/font/FontRenderContext;)Lsun/font/FontDesignMetrics; @ 44
Event: 19352.336 Thread 0x00007fec436f9000 Uncommon trap: reason=class_check action=maybe_recompile pc=0x00000001133f6320 method=java.awt.Component.dispatchEventImpl(Ljava/awt/AWTEvent;)V @ 242
Event: 19352.407 Thread 0x00007fec436f9000 Uncommon trap: reason=class_check action=maybe_recompile pc=0x00000001133f6320 method=java.awt.Component.dispatchEventImpl(Ljava/awt/AWTEvent;)V @ 242
Event: 19352.456 Thread 0x00007fec436f9000 Uncommon trap: reason=class_check action=maybe_recompile pc=0x00000001133f6320 method=java.awt.Component.dispatchEventImpl(Ljava/awt/AWTEvent;)V @ 242
Event: 19352.496 Thread 0x00007fec436f9000 Uncommon trap: reason=class_check action=maybe_recompile pc=0x00000001133f6320 method=java.awt.Component.dispatchEventImpl(Ljava/awt/AWTEvent;)V @ 242
Event: 21388.925 Thread 0x00007fec436f9000 Uncommon trap: reason=class_check action=maybe_recompile pc=0x000000011352099c method=javax.swing.text.DefaultStyledDocument$ElementBuffer.pop()V @ 66
Event: 21388.983 Thread 0x00007fec436f9000 Uncommon trap: reason=unstable_if action=reinterpret pc=0x000000011342313c method=java.awt.EventQueue.coalescePeerEvent(Lsun/awt/PeerEvent;)Z @ 12
Event: 21392.004 Thread 0x00007fec436f9000 Uncommon trap: reason=bimorphic action=maybe_recompile pc=0x0000000114087750 method=javax.swing.ArrayTable.put(Ljava/lang/Object;Ljava/lang/Object;)V @ 76

Classes redefined (0 events):
No events

Internal exceptions (10 events):
Event: 4454.197 Thread 0x00007fec436f9000 Exception <a 'java/lang/ClassNotFoundException': ToolTip> (0x0000000797fe9af0) thrown at [/Users/java_re/workspace/8-2-build-macosx-x86_64/jdk8u191/11896/hotspot/src/share/vm/classfile/systemDictionary.cpp, line 210]
Event: 4454.197 Thread 0x00007fec436f9000 Exception <a 'java/lang/ClassNotFoundException': Tree> (0x0000000797fea180) thrown at [/Users/java_re/workspace/8-2-build-macosx-x86_64/jdk8u191/11896/hotspot/src/share/vm/classfile/systemDictionary.cpp, line 210]
Event: 4454.197 Thread 0x00007fec436f9000 Exception <a 'java/lang/ClassNotFoundException': Tree> (0x0000000797fea878) thrown at [/Users/java_re/workspace/8-2-build-macosx-x86_64/jdk8u191/11896/hotspot/src/share/vm/classfile/systemDictionary.cpp, line 210]
Event: 4454.198 Thread 0x00007fec436f9000 Exception <a 'java/lang/ClassNotFoundException': javax/swing/JTreeCell> (0x0000000797feabf8) thrown at [/Users/java_re/workspace/8-2-build-macosx-x86_64/jdk8u191/11896/hotspot/src/share/vm/classfile/systemDictionary.cpp, line 210]
Event: 4454.198 Thread 0x00007fec436f9000 Exception <a 'java/lang/ClassNotFoundException': TreeCell> (0x0000000797feb080) thrown at [/Users/java_re/workspace/8-2-build-macosx-x86_64/jdk8u191/11896/hotspot/src/share/vm/classfile/systemDictionary.cpp, line 210]
Event: 4454.198 Thread 0x00007fec436f9000 Exception <a 'java/lang/ClassNotFoundException': RootPane> (0x0000000797feb8a0) thrown at [/Users/java_re/workspace/8-2-build-macosx-x86_64/jdk8u191/11896/hotspot/src/share/vm/classfile/systemDictionary.cpp, line 210]
Event: 4487.947 Thread 0x00007fec436f9000 Implicit null exception at 0x0000000113f20678 to 0x0000000113f22d56
Event: 18774.033 Thread 0x00007fec429de800 Implicit null exception at 0x0000000113977505 to 0x0000000113978bc1
Event: 18779.715 Thread 0x00007fec429de800 Implicit null exception at 0x0000000113dea54c to 0x0000000113dea69d
Event: 21388.983 Thread 0x00007fec436f9000 Implicit null exception at 0x000000011341ec49 to 0x000000011342310d

Events (10 events):
Event: 21396.113 Executing VM operation: RevokeBias
Event: 21396.113 Executing VM operation: RevokeBias done
Event: 21396.113 Executing VM operation: RevokeBias
Event: 21396.113 Executing VM operation: RevokeBias done
Event: 21396.113 Executing VM operation: BulkRevokeBias
Event: 21396.114 Executing VM operation: BulkRevokeBias done
Event: 21396.114 Executing VM operation: RevokeBias
Event: 21396.114 Executing VM operation: RevokeBias done
Event: 21396.114 Executing VM operation: BulkRevokeBias
Event: 21396.114 Executing VM operation: BulkRevokeBias done


Dynamic libraries:
0x00007fff39279000 	/System/Library/Frameworks/Cocoa.framework/Versions/A/Cocoa
0x00007fff4501c000 	/System/Library/Frameworks/Security.framework/Versions/A/Security
0x00007fff37f0c000 	/System/Library/Frameworks/ApplicationServices.framework/Versions/A/ApplicationServices
0x00007fff65107000 	/usr/lib/libz.1.dylib
0x00007fff62a61000 	/usr/lib/libSystem.B.dylib
0x00007fff64298000 	/usr/lib/libobjc.A.dylib
0x00007fff39aee000 	/System/Library/Frameworks/CoreFoundation.framework/Versions/A/CoreFoundation
0x00007fff3bd70000 	/System/Library/Frameworks/Foundation.framework/Versions/C/Foundation
0x00007fff37105000 	/System/Library/Frameworks/AppKit.framework/Versions/C/AppKit
0x00007fff39677000 	/System/Library/Frameworks/CoreData.framework/Versions/A/CoreData
0x00007fff5c527000 	/System/Library/PrivateFrameworks/RemoteViewServices.framework/Versions/A/RemoteViewServices
0x00007fff6079e000 	/System/Library/PrivateFrameworks/UIFoundation.framework/Versions/A/UIFoundation
0x00007fff61e82000 	/System/Library/PrivateFrameworks/XCTTargetBootstrap.framework/Versions/A/XCTTargetBootstrap
0x00007fff399fd000 	/System/Library/Frameworks/CoreDisplay.framework/Versions/A/CoreDisplay
0x00007fff57261000 	/System/Library/PrivateFrameworks/IconServices.framework/Versions/A/IconServices
0x00007fff3e691000 	/System/Library/Frameworks/Metal.framework/Versions/A/Metal
0x00007fff4e7a6000 	/System/Library/PrivateFrameworks/DesktopServicesPriv.framework/Versions/A/DesktopServicesPriv
0x00007fff635fb000 	/usr/lib/libenergytrace.dylib
0x00007fff5ec85000 	/System/Library/PrivateFrameworks/SkyLight.framework/Versions/A/SkyLight
0x00007fff39f34000 	/System/Library/Frameworks/CoreGraphics.framework/Versions/A/CoreGraphics
0x00007fff35ed1000 	/System/Library/Frameworks/Accelerate.framework/Versions/A/Accelerate
0x00007fff3c4b9000 	/System/Library/Frameworks/IOSurface.framework/Versions/A/IOSurface
0x00007fff4e612000 	/System/Library/PrivateFrameworks/DFRFoundation.framework/Versions/A/DFRFoundation
0x00007fff383ef000 	/System/Library/Frameworks/AudioToolbox.framework/Versions/A/AudioToolbox
0x00007fff38668000 	/System/Library/Frameworks/AudioUnit.framework/Versions/A/AudioUnit
0x00007fff4e6a7000 	/System/Library/PrivateFrameworks/DataDetectorsCore.framework/Versions/A/DataDetectorsCore
0x00007fff38d7c000 	/System/Library/Frameworks/Carbon.framework/Versions/A/Frameworks/HIToolbox.framework/Versions/A/HIToolbox
0x00007fff63754000 	/usr/lib/libicucore.A.dylib
0x00007fff44590000 	/System/Library/Frameworks/QuartzCore.framework/Versions/A/QuartzCore
0x00007fff39151000 	/System/Library/Frameworks/Carbon.framework/Versions/A/Frameworks/SpeechRecognition.framework/Versions/A/SpeechRecognition
0x00007fff62bb5000 	/usr/lib/libauto.dylib
0x00007fff64ffb000 	/usr/lib/libxml2.2.dylib
0x00007fff4e1ed000 	/System/Library/PrivateFrameworks/CoreUI.framework/Versions/A/CoreUI
0x00007fff39562000 	/System/Library/Frameworks/CoreAudio.framework/Versions/A/CoreAudio
0x00007fff3bba5000 	/System/Library/Frameworks/DiskArbitration.framework/Versions/A/DiskArbitration
0x00007fff63a02000 	/usr/lib/liblangid.dylib
0x00007fff5866c000 	/System/Library/PrivateFrameworks/MultitouchSupport.framework/Versions/A/MultitouchSupport
0x00007fff3c428000 	/System/Library/Frameworks/IOKit.framework/Versions/A/IOKit
0x00007fff62621000 	/usr/lib/libDiagnosticMessagesClient.dylib
0x00007fff3ad43000 	/System/Library/Frameworks/CoreServices.framework/Versions/A/CoreServices
0x00007fff5a326000 	/System/Library/PrivateFrameworks/PerformanceAnalysis.framework/Versions/A/PerformanceAnalysis
0x00007fff4377e000 	/System/Library/Frameworks/OpenGL.framework/Versions/A/OpenGL
0x00007fff39287000 	/System/Library/Frameworks/ColorSync.framework/Versions/A/ColorSync
0x00007fff3a5c5000 	/System/Library/Frameworks/CoreImage.framework/Versions/A/CoreImage
0x00007fff3b71b000 	/System/Library/Frameworks/CoreText.framework/Versions/A/CoreText
0x00007fff3c51c000 	/System/Library/Frameworks/ImageIO.framework/Versions/A/ImageIO
0x00007fff4a83f000 	/System/Library/PrivateFrameworks/Backup.framework/Versions/A/Backup
0x00007fff62b08000 	/usr/lib/libarchive.2.dylib
0x00007fff389c1000 	/System/Library/Frameworks/CFNetwork.framework/Versions/A/CFNetwork
0x00007fff45778000 	/System/Library/Frameworks/SystemConfiguration.framework/Versions/A/SystemConfiguration
0x00007fff62552000 	/usr/lib/libCRFSuite.dylib
0x00007fff62ca4000 	/usr/lib/libc++.1.dylib
0x00007fff62cf8000 	/usr/lib/libc++abi.dylib
0x00007fff658fd000 	/usr/lib/system/libcache.dylib
0x00007fff65902000 	/usr/lib/system/libcommonCrypto.dylib
0x00007fff6590d000 	/usr/lib/system/libcompiler_rt.dylib
0x00007fff65915000 	/usr/lib/system/libcopyfile.dylib
0x00007fff6591f000 	/usr/lib/system/libcorecrypto.dylib
0x00007fff65a2a000 	/usr/lib/system/libdispatch.dylib
0x00007fff65a64000 	/usr/lib/system/libdyld.dylib
0x00007fff65a91000 	/usr/lib/system/libkeymgr.dylib
0x00007fff65a9f000 	/usr/lib/system/liblaunch.dylib
0x00007fff65aa0000 	/usr/lib/system/libmacho.dylib
0x00007fff65aa6000 	/usr/lib/system/libquarantine.dylib
0x00007fff65aa9000 	/usr/lib/system/libremovefile.dylib
0x00007fff65aab000 	/usr/lib/system/libsystem_asl.dylib
0x00007fff65ac3000 	/usr/lib/system/libsystem_blocks.dylib
0x00007fff65ac4000 	/usr/lib/system/libsystem_c.dylib
0x00007fff65b4c000 	/usr/lib/system/libsystem_configuration.dylib
0x00007fff65b50000 	/usr/lib/system/libsystem_coreservices.dylib
0x00007fff65b54000 	/usr/lib/system/libsystem_darwin.dylib
0x00007fff65b5b000 	/usr/lib/system/libsystem_dnssd.dylib
0x00007fff65b62000 	/usr/lib/system/libsystem_info.dylib
0x00007fff65bd7000 	/usr/lib/system/libsystem_m.dylib
0x00007fff65c23000 	/usr/lib/system/libsystem_malloc.dylib
0x00007fff65c4e000 	/usr/lib/system/libsystem_networkextension.dylib
0x00007fff65c59000 	/usr/lib/system/libsystem_notify.dylib
0x00007fff65c76000 	/usr/lib/system/libsystem_sandbox.dylib
0x00007fff65c7a000 	/usr/lib/system/libsystem_secinit.dylib
0x00007fff65bae000 	/usr/lib/system/libsystem_kernel.dylib
0x00007fff65c61000 	/usr/lib/system/libsystem_platform.dylib
0x00007fff65c6b000 	/usr/lib/system/libsystem_pthread.dylib
0x00007fff65c7d000 	/usr/lib/system/libsystem_symptoms.dylib
0x00007fff65c85000 	/usr/lib/system/libsystem_trace.dylib
0x00007fff65c9c000 	/usr/lib/system/libunwind.dylib
0x00007fff65ca2000 	/usr/lib/system/libxpc.dylib
0x00007fff62c85000 	/usr/lib/libbsm.0.dylib
0x00007fff65a92000 	/usr/lib/system/libkxld.dylib
0x00007fff49c30000 	/System/Library/PrivateFrameworks/AppleFSCompression.framework/Versions/A/AppleFSCompression
0x00007fff62921000 	/usr/lib/libOpenScriptingUtil.dylib
0x00007fff62fad000 	/usr/lib/libcoretls.dylib
0x00007fff62fc4000 	/usr/lib/libcoretls_cfhelpers.dylib
0x00007fff64a2f000 	/usr/lib/libpam.2.dylib
0x00007fff64bef000 	/usr/lib/libsqlite3.dylib
0x00007fff64fe9000 	/usr/lib/libxar.1.dylib
0x00007fff62c96000 	/usr/lib/libbz2.1.0.dylib
0x00007fff63a04000 	/usr/lib/liblzma.5.dylib
0x00007fff63eb5000 	/usr/lib/libnetwork.dylib
0x00007fff62af1000 	/usr/lib/libapple_nghttp2.dylib
0x00007fff64a36000 	/usr/lib/libpcap.A.dylib
0x00007fff3b0e2000 	/System/Library/Frameworks/CoreServices.framework/Versions/A/Frameworks/FSEvents.framework/Versions/A/FSEvents
0x00007fff3adc1000 	/System/Library/Frameworks/CoreServices.framework/Versions/A/Frameworks/CarbonCore.framework/Versions/A/CarbonCore
0x00007fff3b29d000 	/System/Library/Frameworks/CoreServices.framework/Versions/A/Frameworks/Metadata.framework/Versions/A/Metadata
0x00007fff3b33c000 	/System/Library/Frameworks/CoreServices.framework/Versions/A/Frameworks/OSServices.framework/Versions/A/OSServices
0x00007fff3b387000 	/System/Library/Frameworks/CoreServices.framework/Versions/A/Frameworks/SearchKit.framework/Versions/A/SearchKit
0x00007fff3ad44000 	/System/Library/Frameworks/CoreServices.framework/Versions/A/Frameworks/AE.framework/Versions/A/AE
0x00007fff3b0eb000 	/System/Library/Frameworks/CoreServices.framework/Versions/A/Frameworks/LaunchServices.framework/Versions/A/LaunchServices
0x00007fff3b099000 	/System/Library/Frameworks/CoreServices.framework/Versions/A/Frameworks/DictionaryServices.framework/Versions/A/DictionaryServices
0x00007fff3b3ef000 	/System/Library/Frameworks/CoreServices.framework/Versions/A/Frameworks/SharedFileList.framework/Versions/A/SharedFileList
0x00007fff3f759000 	/System/Library/Frameworks/NetFS.framework/Versions/A/NetFS
0x00007fff588d2000 	/System/Library/PrivateFrameworks/NetAuth.framework/Versions/A/NetAuth
0x00007fff62286000 	/System/Library/PrivateFrameworks/login.framework/Versions/A/Frameworks/loginsupport.framework/Versions/A/loginsupport
0x00007fff603a7000 	/System/Library/PrivateFrameworks/TCC.framework/Versions/A/TCC
0x00007fff4d84a000 	/System/Library/PrivateFrameworks/CoreNLP.framework/Versions/A/CoreNLP
0x00007fff58367000 	/System/Library/PrivateFrameworks/MetadataUtilities.framework/Versions/A/MetadataUtilities
0x00007fff63ad9000 	/usr/lib/libmecabra.dylib
0x00007fff37f0d000 	/System/Library/Frameworks/ApplicationServices.framework/Versions/A/Frameworks/ATS.framework/Versions/A/ATS
0x00007fff3825c000 	/System/Library/Frameworks/ApplicationServices.framework/Versions/A/Frameworks/ColorSyncLegacy.framework/Versions/A/ColorSyncLegacy
0x00007fff382fb000 	/System/Library/Frameworks/ApplicationServices.framework/Versions/A/Frameworks/HIServices.framework/Versions/A/HIServices
0x00007fff3834e000 	/System/Library/Frameworks/ApplicationServices.framework/Versions/A/Frameworks/LangAnalysis.framework/Versions/A/LangAnalysis
0x00007fff3835e000 	/System/Library/Frameworks/ApplicationServices.framework/Versions/A/Frameworks/PrintCore.framework/Versions/A/PrintCore
0x00007fff383a8000 	/System/Library/Frameworks/ApplicationServices.framework/Versions/A/Frameworks/QD.framework/Versions/A/QD
0x00007fff383e2000 	/System/Library/Frameworks/ApplicationServices.framework/Versions/A/Frameworks/SpeechSynthesis.framework/Versions/A/SpeechSynthesis
0x00007fff62d20000 	/usr/lib/libcompression.dylib
0x00007fff3e961000 	/System/Library/Frameworks/MetalPerformanceShaders.framework/Versions/A/MetalPerformanceShaders
0x00007fff35ee9000 	/System/Library/Frameworks/Accelerate.framework/Versions/A/Frameworks/vImage.framework/Versions/A/vImage
0x00007fff36f63000 	/System/Library/Frameworks/Accelerate.framework/Versions/A/Frameworks/vecLib.framework/Versions/A/vecLib
0x00007fff36eaf000 	/System/Library/Frameworks/Accelerate.framework/Versions/A/Frameworks/vecLib.framework/Versions/A/libvMisc.dylib
0x00007fff36cc7000 	/System/Library/Frameworks/Accelerate.framework/Versions/A/Frameworks/vecLib.framework/Versions/A/libvDSP.dylib
0x00007fff36583000 	/System/Library/Frameworks/Accelerate.framework/Versions/A/Frameworks/vecLib.framework/Versions/A/libBLAS.dylib
0x00007fff36870000 	/System/Library/Frameworks/Accelerate.framework/Versions/A/Frameworks/vecLib.framework/Versions/A/libLAPACK.dylib
0x00007fff36c1a000 	/System/Library/Frameworks/Accelerate.framework/Versions/A/Frameworks/vecLib.framework/Versions/A/libLinearAlgebra.dylib
0x00007fff36cb3000 	/System/Library/Frameworks/Accelerate.framework/Versions/A/Frameworks/vecLib.framework/Versions/A/libSparseBLAS.dylib
0x00007fff36c30000 	/System/Library/Frameworks/Accelerate.framework/Versions/A/Frameworks/vecLib.framework/Versions/A/libQuadrature.dylib
0x00007fff367fd000 	/System/Library/Frameworks/Accelerate.framework/Versions/A/Frameworks/vecLib.framework/Versions/A/libBNNS.dylib
0x00007fff36c36000 	/System/Library/Frameworks/Accelerate.framework/Versions/A/Frameworks/vecLib.framework/Versions/A/libSparse.dylib
0x00007fff54b98000 	/System/Library/PrivateFrameworks/GPUWrangler.framework/Versions/A/GPUWrangler
0x00007fff56e96000 	/System/Library/PrivateFrameworks/IOAccelerator.framework/Versions/A/IOAccelerator
0x00007fff56ea1000 	/System/Library/PrivateFrameworks/IOPresentment.framework/Versions/A/IOPresentment
0x00007fff4e622000 	/System/Library/PrivateFrameworks/DSExternalDisplay.framework/Versions/A/DSExternalDisplay
0x00007fff42bd5000 	/System/Library/Frameworks/OpenGL.framework/Versions/A/Libraries/libCoreFSCache.dylib
0x00007fff3e755000 	/System/Library/Frameworks/MetalPerformanceShaders.framework/Frameworks/MPSCore.framework/Versions/A/MPSCore
0x00007fff3e775000 	/System/Library/Frameworks/MetalPerformanceShaders.framework/Frameworks/MPSImage.framework/Versions/A/MPSImage
0x00007fff3e81a000 	/System/Library/Frameworks/MetalPerformanceShaders.framework/Frameworks/MPSNeuralNetwork.framework/Versions/A/MPSNeuralNetwork
0x00007fff3e7f2000 	/System/Library/Frameworks/MetalPerformanceShaders.framework/Frameworks/MPSMatrix.framework/Versions/A/MPSMatrix
0x00007fff3e946000 	/System/Library/Frameworks/MetalPerformanceShaders.framework/Frameworks/MPSRayIntersector.framework/Versions/A/MPSRayIntersector
0x00007fff58390000 	/System/Library/PrivateFrameworks/MetalTools.framework/Versions/A/MetalTools
0x00007fff494da000 	/System/Library/PrivateFrameworks/AggregateDictionary.framework/Versions/A/AggregateDictionary
0x00007fff62901000 	/usr/lib/libMobileGestalt.dylib
0x00007fff3b87e000 	/System/Library/Frameworks/CoreVideo.framework/Versions/A/CoreVideo
0x00007fff559a9000 	/System/Library/PrivateFrameworks/GraphVisualizer.framework/Versions/A/GraphVisualizer
0x00007fff4f828000 	/System/Library/PrivateFrameworks/FaceCore.framework/Versions/A/FaceCore
0x00007fff42203000 	/System/Library/Frameworks/OpenCL.framework/Versions/A/OpenCL
0x00007fff62659000 	/usr/lib/libFosl_dynamic.dylib
0x00007fff5913d000 	/System/Library/PrivateFrameworks/OTSVG.framework/Versions/A/OTSVG
0x00007fff38011000 	/System/Library/Frameworks/ApplicationServices.framework/Versions/A/Frameworks/ATS.framework/Versions/A/Resources/libFontParser.dylib
0x00007fff38129000 	/System/Library/Frameworks/ApplicationServices.framework/Versions/A/Frameworks/ATS.framework/Versions/A/Resources/libFontRegistry.dylib
0x00007fff3c78a000 	/System/Library/Frameworks/ImageIO.framework/Versions/A/Resources/libJPEG.dylib
0x00007fff3ca9c000 	/System/Library/Frameworks/ImageIO.framework/Versions/A/Resources/libTIFF.dylib
0x00007fff3ca72000 	/System/Library/Frameworks/ImageIO.framework/Versions/A/Resources/libPng.dylib
0x00007fff3c6a8000 	/System/Library/Frameworks/ImageIO.framework/Versions/A/Resources/libGIF.dylib
0x00007fff3c6ad000 	/System/Library/Frameworks/ImageIO.framework/Versions/A/Resources/libJP2.dylib
0x00007fff3ca99000 	/System/Library/Frameworks/ImageIO.framework/Versions/A/Resources/libRadiance.dylib
0x00007fff49d87000 	/System/Library/PrivateFrameworks/AppleJPEG.framework/Versions/A/AppleJPEG
0x00007fff42be0000 	/System/Library/Frameworks/OpenGL.framework/Versions/A/Libraries/libGFXShared.dylib
0x00007fff42da3000 	/System/Library/Frameworks/OpenGL.framework/Versions/A/Libraries/libGLU.dylib
0x00007fff42be9000 	/System/Library/Frameworks/OpenGL.framework/Versions/A/Libraries/libGL.dylib
0x00007fff42bf5000 	/System/Library/Frameworks/OpenGL.framework/Versions/A/Libraries/libGLImage.dylib
0x00007fff42bd2000 	/System/Library/Frameworks/OpenGL.framework/Versions/A/Libraries/libCVMSPluginSupport.dylib
0x00007fff42bdb000 	/System/Library/Frameworks/OpenGL.framework/Versions/A/Libraries/libCoreVMClient.dylib
0x00007fff63471000 	/usr/lib/libcups.2.dylib
0x00007fff3dc5c000 	/System/Library/Frameworks/Kerberos.framework/Versions/A/Kerberos
0x00007fff3c18c000 	/System/Library/Frameworks/GSS.framework/Versions/A/GSS
0x00007fff64b84000 	/usr/lib/libresolv.9.dylib
0x00007fff63663000 	/usr/lib/libiconv.2.dylib
0x00007fff55b1e000 	/System/Library/PrivateFrameworks/Heimdal.framework/Versions/A/Heimdal
0x00007fff63633000 	/usr/lib/libheimdal-asn1.dylib
0x00007fff42277000 	/System/Library/Frameworks/OpenDirectory.framework/Versions/A/OpenDirectory
0x00007fff4c5ad000 	/System/Library/PrivateFrameworks/CommonAuth.framework/Versions/A/CommonAuth
0x00007fff4225b000 	/System/Library/Frameworks/OpenDirectory.framework/Versions/A/Frameworks/CFOpenDirectory.framework/Versions/A/CFOpenDirectory
0x00007fff4531d000 	/System/Library/Frameworks/SecurityFoundation.framework/Versions/A/SecurityFoundation
0x00007fff48a21000 	/System/Library/PrivateFrameworks/APFS.framework/Versions/A/APFS
0x00007fff64fe5000 	/usr/lib/libutil.dylib
0x00007fff62d0e000 	/usr/lib/libcharset.1.dylib
0x00007fff4a024000 	/System/Library/PrivateFrameworks/AppleSauce.framework/Versions/A/AppleSauce
0x00007fff4a1a5000 	/System/Library/PrivateFrameworks/AssertionServices.framework/Versions/A/AssertionServices
0x00007fff4a8d5000 	/System/Library/PrivateFrameworks/BaseBoard.framework/Versions/A/BaseBoard
0x00007fff63a34000 	/usr/lib/libmecab.1.0.0.dylib
0x00007fff6362d000 	/usr/lib/libgermantok.dylib
0x00007fff62ade000 	/usr/lib/libThaiTokenizer.dylib
0x00007fff62589000 	/usr/lib/libChineseTokenizer.dylib
0x00007fff5754e000 	/System/Library/PrivateFrameworks/LanguageModeling.framework/Versions/A/LanguageModeling
0x00007fff4d28f000 	/System/Library/PrivateFrameworks/CoreEmoji.framework/Versions/A/CoreEmoji
0x00007fff5762a000 	/System/Library/PrivateFrameworks/Lexicon.framework/Versions/A/Lexicon
0x00007fff5766d000 	/System/Library/PrivateFrameworks/LinguisticData.framework/Versions/A/LinguisticData
0x00007fff62d0f000 	/usr/lib/libcmph.dylib
0x00007fff453db000 	/System/Library/Frameworks/ServiceManagement.framework/Versions/A/ServiceManagement
0x00007fff4a836000 	/System/Library/PrivateFrameworks/BackgroundTaskManagement.framework/Versions/A/BackgroundTaskManagement
0x00007fff650de000 	/usr/lib/libxslt.1.dylib
0x00007fff3907e000 	/System/Library/Frameworks/Carbon.framework/Versions/A/Frameworks/Ink.framework/Versions/A/Ink
0x00007fff60619000 	/System/Library/PrivateFrameworks/TextureIO.framework/Versions/A/TextureIO
0x00007fff62b32000 	/usr/lib/libate.dylib
0x00007fff4e571000 	/System/Library/PrivateFrameworks/CrashReporterSupport.framework/Versions/A/CrashReporterSupport
0x00007fff5dd53000 	/System/Library/PrivateFrameworks/Sharing.framework/Versions/A/Sharing
0x00007fff4a588000 	/System/Library/PrivateFrameworks/AuthKit.framework/Versions/A/AuthKit
0x00007fff49adc000 	/System/Library/PrivateFrameworks/Apple80211.framework/Versions/A/Apple80211
0x00007fff4e319000 	/System/Library/PrivateFrameworks/CoreUtils.framework/Versions/A/CoreUtils
0x00007fff3b8bf000 	/System/Library/Frameworks/CoreWLAN.framework/Versions/A/CoreWLAN
0x00007fff3c2bb000 	/System/Library/Frameworks/IOBluetooth.framework/Versions/A/IOBluetooth
0x00007fff5c1c7000 	/System/Library/PrivateFrameworks/ProtocolBuffer.framework/Versions/A/ProtocolBuffer
0x00007fff585c8000 	/System/Library/PrivateFrameworks/MobileKeyBag.framework/Versions/A/MobileKeyBag
0x00007fff4db5d000 	/System/Library/PrivateFrameworks/CorePhoneNumbers.framework/Versions/A/CorePhoneNumbers
0x00007fff49d3b000 	/System/Library/PrivateFrameworks/AppleIDAuthSupport.framework/Versions/A/AppleIDAuthSupport
0x00007fff57521000 	/System/Library/PrivateFrameworks/KeychainCircle.framework/Versions/A/KeychainCircle
0x00007fff5c37d000 	/System/Library/PrivateFrameworks/ROCKit.framework/Versions/A/ROCKit
0x00007fff4e50d000 	/System/Library/PrivateFrameworks/CoreWiFi.framework/Versions/A/CoreWiFi
0x00007fff3964c000 	/System/Library/Frameworks/CoreBluetooth.framework/Versions/A/CoreBluetooth
0x00007fff4e768000 	/System/Library/PrivateFrameworks/DebugSymbols.framework/Versions/A/DebugSymbols
0x00007fff4e0d9000 	/System/Library/PrivateFrameworks/CoreSymbolication.framework/Versions/A/CoreSymbolication
0x00007fff5fe34000 	/System/Library/PrivateFrameworks/Symbolication.framework/Versions/A/Symbolication
0x00007fff5f6d7000 	/System/Library/PrivateFrameworks/SpeechRecognitionCore.framework/Versions/A/SpeechRecognitionCore
0x0000000108a00000 	/Library/Java/JavaVirtualMachines/jdk1.8.0_191.jdk/Contents/Home/jre/lib/server/libjvm.dylib
0x00007fff64ec0000 	/usr/lib/libstdc++.6.dylib
0x00000001081eb000 	/Library/Java/JavaVirtualMachines/jdk1.8.0_191.jdk/Contents/Home/jre/lib/libverify.dylib
0x00000001099b4000 	/Library/Java/JavaVirtualMachines/jdk1.8.0_191.jdk/Contents/Home/jre/lib/libjava.dylib
0x0000000109a32000 	/Library/Java/JavaVirtualMachines/jdk1.8.0_191.jdk/Contents/Home/jre/lib/libzip.dylib
0x000000011041c000 	/Library/Java/JavaVirtualMachines/jdk1.8.0_191.jdk/Contents/Home/jre/lib/libawt.dylib
0x00000001104c6000 	/Library/Java/JavaVirtualMachines/jdk1.8.0_191.jdk/Contents/Home/jre/lib/./libmlib_image.dylib
0x00007fff3dc45000 	/System/Library/Frameworks/JavaVM.framework/Versions/A/Frameworks/JavaNativeFoundation.framework/Versions/A/JavaNativeFoundation
0x00007fff3dc4e000 	/System/Library/Frameworks/JavaVM.framework/Versions/A/Frameworks/JavaRuntimeSupport.framework/Versions/A/JavaRuntimeSupport
0x00007fff3dc57000 	/System/Library/Frameworks/JavaVM.framework/Versions/A/JavaVM
0x00007fff57440000 	/System/Library/PrivateFrameworks/JavaLaunching.framework/Versions/A/JavaLaunching
0x00007fff38d77000 	/System/Library/Frameworks/Carbon.framework/Versions/A/Carbon
0x00007fff38d78000 	/System/Library/Frameworks/Carbon.framework/Versions/A/Frameworks/CommonPanels.framework/Versions/A/CommonPanels
0x00007fff39074000 	/System/Library/Frameworks/Carbon.framework/Versions/A/Frameworks/Help.framework/Versions/A/Help
0x00007fff39078000 	/System/Library/Frameworks/Carbon.framework/Versions/A/Frameworks/ImageCapture.framework/Versions/A/ImageCapture
0x00007fff39114000 	/System/Library/Frameworks/Carbon.framework/Versions/A/Frameworks/OpenScripting.framework/Versions/A/OpenScripting
0x00007fff3914c000 	/System/Library/Frameworks/Carbon.framework/Versions/A/Frameworks/Print.framework/Versions/A/Print
0x00007fff3914e000 	/System/Library/Frameworks/Carbon.framework/Versions/A/Frameworks/SecurityHI.framework/Versions/A/SecurityHI
0x0000000110592000 	/Library/Java/JavaVirtualMachines/jdk1.8.0_191.jdk/Contents/Home/jre/lib/libawt_lwawt.dylib
0x000000011064c000 	/Library/Java/JavaVirtualMachines/jdk1.8.0_191.jdk/Contents/Home/jre/lib/./libosxapp.dylib
0x00007fff3bd49000 	/System/Library/Frameworks/ExceptionHandling.framework/Versions/A/ExceptionHandling
0x00007fff4dce1000 	/System/Library/PrivateFrameworks/CoreServicesInternal.framework/Versions/A/CoreServicesInternal
0x00007fff2e250000 	/System/Library/CoreServices/RawCamera.bundle/Contents/MacOS/RawCamera
0x00007fff58434000 	/System/Library/PrivateFrameworks/MobileAsset.framework/Versions/A/MobileAsset
0x00007fff5fd82000 	/System/Library/PrivateFrameworks/StreamingZip.framework/Versions/A/StreamingZip
0x00007fff3dfe9000 	/System/Library/Frameworks/MediaToolbox.framework/Versions/A/MediaToolbox
0x00007fff4ce33000 	/System/Library/PrivateFrameworks/CoreAVCHD.framework/Versions/A/CoreAVCHD
0x00007fff3df2f000 	/System/Library/Frameworks/MediaAccessibility.framework/Versions/A/MediaAccessibility
0x00007fff57e90000 	/System/Library/PrivateFrameworks/Mangrove.framework/Versions/A/Mangrove
0x00007fff3abe2000 	/System/Library/Frameworks/CoreMedia.framework/Versions/A/CoreMedia
0x00007fff45a44000 	/System/Library/Frameworks/VideoToolbox.framework/Versions/A/VideoToolbox
0x00007fff4ca4f000 	/System/Library/PrivateFrameworks/CoreAUC.framework/Versions/A/CoreAUC
0x00007fff64bed000 	/usr/lib/libspindump.dylib
0x00007fff4a10a000 	/System/Library/PrivateFrameworks/AppleVA.framework/Versions/A/AppleVA
0x00007fff35ed2000 	/System/Library/Frameworks/Accelerate.framework/Versions/A/Frameworks/vImage.framework/Versions/A/Libraries/libCGInterfaces.dylib
0x00007fff381c5000 	/System/Library/Frameworks/ApplicationServices.framework/Versions/A/Frameworks/ATS.framework/Versions/A/Resources/libTrueTypeScaler.dylib
0x00007fff3222c000 	/System/Library/Extensions/AppleIntelHD5000GraphicsMTLDriver.bundle/Contents/MacOS/AppleIntelHD5000GraphicsMTLDriver
0x00007fff534f7000 	/System/Library/PrivateFrameworks/GPUCompiler.framework/Versions/3902/Libraries/libmetal_timestamp.dylib
0x00007fff4fc4d000 	/System/Library/PrivateFrameworks/FamilyControls.framework/Versions/A/FamilyControls
0x00007fff4c5a0000 	/System/Library/PrivateFrameworks/CommerceKit.framework/Versions/A/Frameworks/CommerceCore.framework/Versions/A/CommerceCore
0x00007fff60107000 	/System/Library/PrivateFrameworks/SystemAdministration.framework/Versions/A/SystemAdministration
0x00007fff499dd000 	/System/Library/PrivateFrameworks/AppContainer.framework/Versions/A/AppContainer
0x00007fff499f9000 	/System/Library/PrivateFrameworks/AppSandbox.framework/Versions/A/AppSandbox
0x00007fff5dbf4000 	/System/Library/PrivateFrameworks/SecCodeWrapper.framework/Versions/A/SecCodeWrapper
0x00007fff64b9e000 	/usr/lib/libsandbox.1.dylib
0x00007fff628d0000 	/usr/lib/libMatch.1.dylib
0x00007fff4eaed000 	/System/Library/PrivateFrameworks/DiskManagement.framework/Versions/A/DiskManagement
0x00007fff3bac5000 	/System/Library/Frameworks/DirectoryService.framework/Versions/A/DirectoryService
0x00007fff4ea1e000 	/System/Library/PrivateFrameworks/DiskImages.framework/Versions/A/DiskImages
0x00007fff57766000 	/System/Library/PrivateFrameworks/LoginUIKit.framework/Versions/A/Frameworks/LoginUICore.framework/Versions/A/LoginUICore
0x00007fff62594000 	/usr/lib/libCoreStorage.dylib
0x00007fff6345e000 	/usr/lib/libcsfde.dylib
0x00007fff64a1e000 	/usr/lib/libodfde.dylib
0x00007fff57fa8000 	/System/Library/PrivateFrameworks/MediaKit.framework/Versions/A/MediaKit
0x00007fff3bad1000 	/System/Library/Frameworks/DiscRecording.framework/Versions/A/DiscRecording
0x00007fff4ec61000 	/System/Library/PrivateFrameworks/EFILogin.framework/Versions/A/EFILogin
0x00007fff5c172000 	/System/Library/PrivateFrameworks/ProtectedCloudStorage.framework/Versions/A/ProtectedCloudStorage
0x00007fff634f0000 	/usr/lib/libcurl.4.dylib
0x00007fff6335d000 	/usr/lib/libcrypto.42.dylib
0x00007fff64e90000 	/usr/lib/libssl.44.dylib
0x00007fff3dc76000 	/System/Library/Frameworks/LDAP.framework/Versions/A/LDAP
0x00007fff60797000 	/System/Library/PrivateFrameworks/TrustEvaluationAgent.framework/Versions/A/TrustEvaluationAgent
0x00007fff64bda000 	/usr/lib/libsasl2.2.dylib
0x00007fff4d08c000 	/System/Library/PrivateFrameworks/CoreDaemon.framework/Versions/B/CoreDaemon
0x00007fff4a01f000 	/System/Library/PrivateFrameworks/AppleSRP.framework/Versions/A/AppleSRP
0x00007fff615d1000 	/System/Library/PrivateFrameworks/ViewBridge.framework/Versions/A/ViewBridge
0x0000000123755000 	/Library/Java/JavaVirtualMachines/jdk1.8.0_191.jdk/Contents/Home/jre/lib/libfontmanager.dylib
0x00000001237c9000 	/Library/Java/JavaVirtualMachines/jdk1.8.0_191.jdk/Contents/Home/jre/lib/libosxui.dylib
0x00007fff4378e000 	/System/Library/Frameworks/OpenGL.framework/Versions/A/Resources/GLEngine.bundle/GLEngine
0x00007fff42c30000 	/System/Library/Frameworks/OpenGL.framework/Versions/A/Libraries/libGLProgrammability.dylib
0x00007fff31d19000 	/System/Library/Extensions/AppleIntelHD5000GraphicsGLDriver.bundle/Contents/MacOS/AppleIntelHD5000GraphicsGLDriver
0x00007fff54b8c000 	/System/Library/PrivateFrameworks/GPUSupport.framework/Versions/A/Libraries/libGPUSupportMercury.dylib
0x00007fff43926000 	/System/Library/Frameworks/OpenGL.framework/Versions/A/Resources/GLRendererFloat.bundle/GLRendererFloat
0x00007fff421fa000 	/System/Library/Frameworks/OpenCL.framework/Versions/A/Libraries/libcldcpuengine.dylib
0x00007fff63163000 	/usr/lib/libcrypto.35.dylib
0x0000000122edd000 	/Library/Java/JavaVirtualMachines/jdk1.8.0_191.jdk/Contents/Home/jre/lib/libnet.dylib
0x0000000122ef4000 	/Library/Java/JavaVirtualMachines/jdk1.8.0_191.jdk/Contents/Home/jre/lib/libnio.dylib
0x0000000122fb4000 	/usr/lib/libobjc-trampolines.dylib
0x0000000160d57000 	/Library/Java/JavaVirtualMachines/jdk1.8.0_191.jdk/Contents/Home/jre/lib/libdcpr.dylib
0x00007fff62289000 	/System/Library/PrivateFrameworks/login.framework/Versions/A/login

VM Arguments:
jvm_args: -Dapple.laf.useScreenMenuBar=true -Dfile.encoding=UTF-8 
java_command: controlador.Controlador
java_class_path (initial): /Library/Java/JavaVirtualMachines/jdk1.8.0_191.jdk/Contents/Home/jre/lib/resources.jar:/Library/Java/JavaVirtualMachines/jdk1.8.0_191.jdk/Contents/Home/jre/lib/rt.jar:/Library/Java/JavaVirtualMachines/jdk1.8.0_191.jdk/Contents/Home/jre/lib/jsse.jar:/Library/Java/JavaVirtualMachines/jdk1.8.0_191.jdk/Contents/Home/jre/lib/jce.jar:/Library/Java/JavaVirtualMachines/jdk1.8.0_191.jdk/Contents/Home/jre/lib/charsets.jar:/Library/Java/JavaVirtualMachines/jdk1.8.0_191.jdk/Contents/Home/jre/lib/jfr.jar:/Library/Java/JavaVirtualMachines/jdk1.8.0_191.jdk/Contents/Home/jre/lib/ext/sunec.jar:/Library/Java/JavaVirtualMachines/jdk1.8.0_191.jdk/Contents/Home/jre/lib/ext/nashorn.jar:/Library/Java/JavaVirtualMachines/jdk1.8.0_191.jdk/Contents/Home/jre/lib/ext/cldrdata.jar:/Library/Java/JavaVirtualMachines/jdk1.8.0_191.jdk/Contents/Home/jre/lib/ext/jfxrt.jar:/Library/Java/JavaVirtualMachines/jdk1.8.0_191.jdk/Contents/Home/jre/lib/ext/dnsns.jar:/Library/Java/JavaVirtualMachines/jdk1.8.0_191.jdk/Contents/Home/jre/lib/ext/localedata.jar:/Library/Java/JavaVirtualMachines/jdk1.8.0_191.jdk/Contents/Home/jre/lib/ext/sunjce_provider.jar:/Library/Java/JavaVirtualMachines/jdk1.8.0_191.jdk/Contents/Home/jre/lib/ext/sunpkcs11.jar:/Library/Java/JavaVirtualMachines/jdk1.8.0_191.jdk/Contents/Home/jre/lib/ext/jaccess.jar:/Library/Java/JavaVirtualMachines/jdk1.8.0_191.jdk/Contents/Home/jre/lib/ext/zipfs.jar:/System/Library/Java/Extensions/MRJToolkit.jar:/Users/raisemike/Desarrollo/EclipseJava/DBCase/bin:/Users/raisemike/Desarrollo/EclipseJava/DBCase/libs/collections-generic-4.01.jar:/Users/raisemike/Desarrollo/EclipseJava/DBCase/libs/colt-1.2.0.jar:/Users/raisemike/Desarrollo/EclipseJava/DBCase/libs/concurrent-1.3.4.jar:/Users/raisemike/Desarrollo/EclipseJava/DBCase/libs/crawler4j-3.1.jar:/Users/raisemike/Desarrollo/EclipseJava/DBCase/libs/json-simple-1.1.jar:/Users/raisemike/Desarrollo/EclipseJava/DBCase/libs/jsoup-1.11.3.jar:/Users/raisemike/Desarrollo/EclipseJava/DBCase/l
Launcher Type: SUN_STANDARD

Environment Variables:
PATH=/usr/bin:/bin:/usr/sbin:/sbin
SHELL=/bin/bash

Signal Handlers:
SIGSEGV: [libjvm.dylib+0x5b5de9], sa_mask[0]=11111111011111110111111111111111, sa_flags=SA_ONSTACK|SA_RESTART|SA_SIGINFO
SIGBUS: [libjvm.dylib+0x5b5de9], sa_mask[0]=11111111011111110111111111111111, sa_flags=SA_RESTART|SA_SIGINFO
SIGFPE: [libjvm.dylib+0x48b6b0], sa_mask[0]=11111111011111110111111111111111, sa_flags=SA_RESTART|SA_SIGINFO
SIGPIPE: [libjvm.dylib+0x48b6b0], sa_mask[0]=11111111011111110111111111111111, sa_flags=SA_RESTART|SA_SIGINFO
SIGXFSZ: [libjvm.dylib+0x48b6b0], sa_mask[0]=11111111011111110111111111111111, sa_flags=SA_RESTART|SA_SIGINFO
SIGILL: [libjvm.dylib+0x48b6b0], sa_mask[0]=11111111011111110111111111111111, sa_flags=SA_RESTART|SA_SIGINFO
SIGUSR1: SIG_DFL, sa_mask[0]=00000000000000000000000000000000, sa_flags=none
SIGUSR2: [libjvm.dylib+0x48b1ce], sa_mask[0]=00100000000000000000000000000000, sa_flags=SA_RESTART|SA_SIGINFO
SIGHUP: [libjvm.dylib+0x489759], sa_mask[0]=11111111011111110111111111111111, sa_flags=SA_RESTART|SA_SIGINFO
SIGINT: [libjvm.dylib+0x489759], sa_mask[0]=11111111011111110111111111111111, sa_flags=SA_RESTART|SA_SIGINFO
SIGTERM: [libjvm.dylib+0x489759], sa_mask[0]=11111111011111110111111111111111, sa_flags=SA_RESTART|SA_SIGINFO
SIGQUIT: [libjvm.dylib+0x489759], sa_mask[0]=11111111011111110111111111111111, sa_flags=SA_RESTART|SA_SIGINFO


---------------  S Y S T E M  ---------------

OS:Bsduname:Darwin 18.7.0 Darwin Kernel Version 18.7.0: Thu Jun 20 18:42:21 PDT 2019; root:xnu-4903.270.47~4/RELEASE_X86_64 x86_64
rlimit: STACK 8192k, CORE 0k, NPROC 709, NOFILE 10240, AS infinity
load average:2.10 2.27 2.29

CPU:total 4 (initial active 4) (2 cores per cpu, 2 threads per core) family 6 model 69 stepping 1, cmov, cx8, fxsr, mmx, sse, sse2, sse3, ssse3, sse4.1, sse4.2, popcnt, avx, avx2, aes, clmul, erms, lzcnt, ht, tsc, tscinvbit, bmi1, bmi2

Memory: 4k page, physical 8388608k(20772k free)

/proc/meminfo:


vm_info: Java HotSpot(TM) 64-Bit Server VM (25.191-b12) for bsd-amd64 JRE (1.8.0_191-b12), built on Oct  6 2018 08:37:07 by "java_re" with gcc 4.2.1 (Based on Apple Inc. build 5658) (LLVM build 2336.11.00)

time: Tue Sep 17 16:39:52 2019
elapsed time: 21396 seconds (0d 5h 56m 36s)

